20
97
95
96
96
129
129
128
38
37
26
0
0
1
2
500000000000000
666666666666667
733333333333334
792207792207793
2
31
17165612020027
886133659360397
886133659360396
886133659360397
434206324074624
868412648149581
443066829735953
434206324074640
85828060100242
124
24
111
60
26
3008
7
6944
17
706
296
1162
5
38
6027
436008741481325
523536595522932
440925689569659
443468984923988
445176825193565
568956056435877
457469392003561
439841559642078
423573924305510
510224100155170
1082485
139525779
49015041
423120709
421754374
352345269
104694335
136546618
648550618
457430031
117011712
329432559
119216925
14464663
13279639
27851625572868
28644908141200
452483727133
7603137820513
7765474524482
89558567702019
11801283561743
2597405443212
29244727002971
283030782527219
5895042248177
113827741864541
24071908112672
2051852486072
162456955772089
181314913741636
247260483667678
1737872863671
133670494995906
50546122577010
134312604169
57340969060606
34301961492711
1350076274507
33052822954772
10022644912372
93562022872470
77198538499186
2104609352249
1375729264779
